<?xml version="1.0" encoding="UTF-8"?>
<robot generator="Robot 7.2.2 (Python 3.14.0a7 on win32)" generated="2025-05-15T17:00:31.758188" rpa="false" schemaversion="5">
<suite id="s1" name="TestCheckBox" source="C:\RobotFrameworkBasics\Test\TestCheckBox.robot">
<test id="s1-t1" name="Select an option of checkbox" line="10">
<kw name="Open the browser with URL">
<kw name="Open Browser" owner="SeleniumLibrary">
<msg time="2025-05-15T17:00:32.226776" level="INFO">Opening browser 'firefox' to base url 'None'.</msg>
<arg>browser=firefox</arg>
<doc>Opens a new browser instance to the optional ``url``.</doc>
<status status="PASS" start="2025-05-15T17:00:32.226537" elapsed="7.453536"/>
</kw>
<kw name="Go To" owner="SeleniumLibrary">
<msg time="2025-05-15T17:00:39.680806" level="INFO">Opening url 'https://demo.automationtesting.in/Register.html'</msg>
<arg>${url}</arg>
<doc>Navigates the current browser window to the provided ``url``.</doc>
<status status="PASS" start="2025-05-15T17:00:39.680445" elapsed="38.489413"/>
</kw>
<kw name="Maximize Browser Window" owner="SeleniumLibrary">
<doc>Maximizes current browser window.</doc>
<status status="PASS" start="2025-05-15T17:01:18.170224" elapsed="0.010988"/>
</kw>
<kw name="Set Selenium Implicit Wait" owner="SeleniumLibrary">
<arg>10</arg>
<doc>Sets the implicit wait value used by Selenium.</doc>
<status status="PASS" start="2025-05-15T17:01:18.181587" elapsed="0.004139"/>
</kw>
<status status="PASS" start="2025-05-15T17:00:32.225622" elapsed="45.960290"/>
</kw>
<kw name="verify page contains a checkbox">
<kw name="Page Should Contain Checkbox" owner="SeleniumLibrary">
<msg time="2025-05-15T17:01:18.234262" level="INFO">Current page contains checkbox 'id:checkbox1'.</msg>
<arg>id:checkbox1</arg>
<doc>Verifies checkbox ``locator`` is found from the current page.</doc>
<status status="PASS" start="2025-05-15T17:01:18.187326" elapsed="0.047048"/>
</kw>
<kw name="Page Should Not Contain Checkbox" owner="SeleniumLibrary">
<msg time="2025-05-15T17:01:18.254418" level="INFO">Current page does not contain checkbox 'name:radiooptions'.</msg>
<arg>name:radiooptions</arg>
<doc>Verifies checkbox ``locator`` is not found from the current page.</doc>
<status status="PASS" start="2025-05-15T17:01:18.234555" elapsed="0.019983"/>
</kw>
<status status="PASS" start="2025-05-15T17:01:18.186697" elapsed="0.067981"/>
</kw>
<kw name="select the checkbox options Cricket and Hockey">
<kw name="Select Checkbox" owner="SeleniumLibrary">
<msg time="2025-05-15T17:01:18.255728" level="INFO">Selecting checkbox 'id:checkbox1'.</msg>
<arg>id:checkbox1</arg>
<doc>Selects the checkbox identified by ``locator``.</doc>
<status status="PASS" start="2025-05-15T17:01:18.255532" elapsed="0.270918"/>
</kw>
<kw name="Select Checkbox" owner="SeleniumLibrary">
<msg time="2025-05-15T17:01:18.527718" level="INFO">Selecting checkbox 'id:checkbox3'.</msg>
<arg>id:checkbox3</arg>
<doc>Selects the checkbox identified by ``locator``.</doc>
<status status="PASS" start="2025-05-15T17:01:18.527050" elapsed="0.320355"/>
</kw>
<status status="PASS" start="2025-05-15T17:01:18.255118" elapsed="0.592728"/>
</kw>
<kw name="Unselect the checkbox option Hockey">
<kw name="Unselect Checkbox" owner="SeleniumLibrary">
<msg time="2025-05-15T17:01:18.852455" level="INFO">Unselecting checkbox 'id:checkbox3'.</msg>
<arg>id:checkbox3</arg>
<doc>Removes the selection of checkbox identified by ``locator``.</doc>
<status status="PASS" start="2025-05-15T17:01:18.852076" elapsed="0.255181"/>
</kw>
<status status="PASS" start="2025-05-15T17:01:18.851500" elapsed="0.255965"/>
</kw>
<kw name="Verify Checkbox option cricket is selected">
<kw name="Checkbox Should Be Selected" owner="SeleniumLibrary">
<msg time="2025-05-15T17:01:19.120540" level="INFO">Verifying checkbox 'id:checkbox1' is selected.</msg>
<arg>id:checkbox1</arg>
<doc>Verifies checkbox ``locator`` is selected/checked.</doc>
<status status="PASS" start="2025-05-15T17:01:19.120061" elapsed="0.020566"/>
</kw>
<status status="PASS" start="2025-05-15T17:01:19.119369" elapsed="0.021476"/>
</kw>
<kw name="Verify Checkbox option Hockey is selected">
<kw name="Checkbox Should Not Be Selected" owner="SeleniumLibrary">
<msg time="2025-05-15T17:01:19.150221" level="INFO">Verifying checkbox 'id:checkbox3' is not selected.</msg>
<arg>id:checkbox3</arg>
<doc>Verifies checkbox ``locator`` is not selected/checked.</doc>
<status status="PASS" start="2025-05-15T17:01:19.149903" elapsed="0.023544"/>
</kw>
<status status="PASS" start="2025-05-15T17:01:19.149354" elapsed="0.024304"/>
</kw>
<kw name="Close Browser Session" type="TEARDOWN">
<kw name="Close Browser" owner="SeleniumLibrary">
<doc>Closes the current browser.</doc>
<status status="PASS" start="2025-05-15T17:01:19.202257" elapsed="3.835470"/>
</kw>
<status status="PASS" start="2025-05-15T17:01:19.201480" elapsed="3.836481"/>
</kw>
<status status="PASS" start="2025-05-15T17:00:32.224641" elapsed="50.813780"/>
</test>
<doc>To validate the checkBox</doc>
<status status="PASS" start="2025-05-15T17:00:31.762718" elapsed="51.278571"/>
</suite>
<statistics>
<total>
<stat pass="1" fail="0" skip="0">All Tests</stat>
</total>
<tag>
</tag>
<suite>
<stat name="TestCheckBox" id="s1" pass="1" fail="0" skip="0">TestCheckBox</stat>
</suite>
</statistics>
<errors>
</errors>
</robot>
